{"__type":"$$EventMessageAudit","id":"0f52b2a5-e456-4e59-aeb7-a999ee932b73","ts":"2025-07-31T12:22:37.799+00:00","eventName":"n8n.audit.workflow.created","message":"n8n.audit.workflow.created","payload":{"userId":"21e58512-ef6c-418c-8fda-665d926f8605","_email":"cyril.chessplorer@gmail.com","_firstName":"Cyril","_lastName":"Colléatte","globalRole":"global:owner","workflowId":"eW9deFu8HOYtY56C","workflowName":"Chess_Master_coordonnater"}}
{"__type":"$$EventMessageConfirm","confirm":"0f52b2a5-e456-4e59-aeb7-a999ee932b73","ts":"2025-07-31T12:22:37.801+00:00","source":{"id":"0","name":"eventBus"}}
{"__type":"$$EventMessageAudit","id":"94025c10-b240-4620-b954-a12521b85139","ts":"2025-07-31T12:22:47.602+00:00","eventName":"n8n.audit.workflow.updated","message":"n8n.audit.workflow.updated","payload":{"userId":"21e58512-ef6c-418c-8fda-665d926f8605","_email":"cyril.chessplorer@gmail.com","_firstName":"Cyril","_lastName":"Colléatte","globalRole":"global:owner","workflowId":"eW9deFu8HOYtY56C","workflowName":"Chess_Master_coordonator"}}
{"__type":"$$EventMessageConfirm","confirm":"94025c10-b240-4620-b954-a12521b85139","ts":"2025-07-31T12:22:47.604+00:00","source":{"id":"0","name":"eventBus"}}
{"__type":"$$EventMessageAudit","id":"0c88cf45-9f5b-4d8b-a24f-17a6a17fb20f","ts":"2025-07-31T12:23:44.552+00:00","eventName":"n8n.audit.workflow.updated","message":"n8n.audit.workflow.updated","payload":{"userId":"21e58512-ef6c-418c-8fda-665d926f8605","_email":"cyril.chessplorer@gmail.com","_firstName":"Cyril","_lastName":"Colléatte","globalRole":"global:owner","workflowId":"eW9deFu8HOYtY56C","workflowName":"Chess_Master_coordonator"}}
{"__type":"$$EventMessageConfirm","confirm":"0c88cf45-9f5b-4d8b-a24f-17a6a17fb20f","ts":"2025-07-31T12:23:44.552+00:00","source":{"id":"0","name":"eventBus"}}
{"__type":"$$EventMessageAudit","id":"8cb26beb-ebec-499e-8e30-836a3b8bbd84","ts":"2025-07-31T12:23:45.599+00:00","eventName":"n8n.audit.workflow.updated","message":"n8n.audit.workflow.updated","payload":{"userId":"21e58512-ef6c-418c-8fda-665d926f8605","_email":"cyril.chessplorer@gmail.com","_firstName":"Cyril","_lastName":"Colléatte","globalRole":"global:owner","workflowId":"eW9deFu8HOYtY56C","workflowName":"Chess_Master_coordonator"}}
{"__type":"$$EventMessageConfirm","confirm":"8cb26beb-ebec-499e-8e30-836a3b8bbd84","ts":"2025-07-31T12:23:45.600+00:00","source":{"id":"0","name":"eventBus"}}
{"__type":"$$EventMessageAudit","id":"71d4890c-35f9-4b42-9cae-b94bd1506036","ts":"2025-07-31T12:23:46.783+00:00","eventName":"n8n.audit.workflow.updated","message":"n8n.audit.workflow.updated","payload":{"userId":"21e58512-ef6c-418c-8fda-665d926f8605","_email":"cyril.chessplorer@gmail.com","_firstName":"Cyril","_lastName":"Colléatte","globalRole":"global:owner","workflowId":"eW9deFu8HOYtY56C","workflowName":"Chess_Master_coordonator"}}
{"__type":"$$EventMessageConfirm","confirm":"71d4890c-35f9-4b42-9cae-b94bd1506036","ts":"2025-07-31T12:23:46.783+00:00","source":{"id":"0","name":"eventBus"}}
{"__type":"$$EventMessageAudit","id":"44275dd3-0597-4879-bbce-f9abd250b995","ts":"2025-07-31T13:23:01.113+00:00","eventName":"n8n.audit.workflow.updated","message":"n8n.audit.workflow.updated","payload":{"userId":"21e58512-ef6c-418c-8fda-665d926f8605","_email":"cyril.chessplorer@gmail.com","_firstName":"Cyril","_lastName":"Colléatte","globalRole":"global:owner","workflowId":"eW9deFu8HOYtY56C","workflowName":"Chess_Master_coordonator"}}
{"__type":"$$EventMessageConfirm","confirm":"44275dd3-0597-4879-bbce-f9abd250b995","ts":"2025-07-31T13:23:01.113+00:00","source":{"id":"0","name":"eventBus"}}
{"__type":"$$EventMessageAudit","id":"f86b8413-c955-49a0-9a64-564dca78cc2a","ts":"2025-07-31T13:46:12.683+00:00","eventName":"n8n.audit.workflow.created","message":"n8n.audit.workflow.created","payload":{"userId":"21e58512-ef6c-418c-8fda-665d926f8605","_email":"cyril.chessplorer@gmail.com","_firstName":"Cyril","_lastName":"Colléatte","globalRole":"global:owner","workflowId":"E7fm9Fl4Z2yMiIQa","workflowName":"Chess_content_agent_advanced"}}
{"__type":"$$EventMessageConfirm","confirm":"f86b8413-c955-49a0-9a64-564dca78cc2a","ts":"2025-07-31T13:46:12.683+00:00","source":{"id":"0","name":"eventBus"}}
{"__type":"$$EventMessageAudit","id":"59907f6d-590f-4f99-8a09-08736bb0b08f","ts":"2025-07-31T14:02:59.781+00:00","eventName":"n8n.audit.workflow.created","message":"n8n.audit.workflow.created","payload":{"userId":"21e58512-ef6c-418c-8fda-665d926f8605","_email":"cyril.chessplorer@gmail.com","_firstName":"Cyril","_lastName":"Colléatte","globalRole":"global:owner","workflowId":"gQBeGPX2ZiCblG8S","workflowName":"chess_agent_min1"}}
{"__type":"$$EventMessageConfirm","confirm":"59907f6d-590f-4f99-8a09-08736bb0b08f","ts":"2025-07-31T14:02:59.781+00:00","source":{"id":"0","name":"eventBus"}}
{"__type":"$$EventMessageAudit","id":"d7d7c4b4-caea-4ce0-8e80-fc13f14e628f","ts":"2025-07-31T14:03:11.422+00:00","eventName":"n8n.audit.workflow.created","message":"n8n.audit.workflow.created","payload":{"userId":"21e58512-ef6c-418c-8fda-665d926f8605","_email":"cyril.chessplorer@gmail.com","_firstName":"Cyril","_lastName":"Colléatte","globalRole":"global:owner","workflowId":"dcmjpxW4ci5Fu1ih","workflowName":"My workflow 10"}}
{"__type":"$$EventMessageConfirm","confirm":"d7d7c4b4-caea-4ce0-8e80-fc13f14e628f","ts":"2025-07-31T14:03:11.423+00:00","source":{"id":"0","name":"eventBus"}}
{"__type":"$$EventMessageAudit","id":"4c06455c-c450-420d-8d13-ea26d7a0aa96","ts":"2025-07-31T21:10:47.398+00:00","eventName":"n8n.audit.workflow.updated","message":"n8n.audit.workflow.updated","payload":{"userId":"21e58512-ef6c-418c-8fda-665d926f8605","_email":"cyril.chessplorer@gmail.com","_firstName":"Cyril","_lastName":"Colléatte","globalRole":"global:owner","workflowId":"dcmjpxW4ci5Fu1ih","workflowName":"Chess_POC31"}}
{"__type":"$$EventMessageConfirm","confirm":"4c06455c-c450-420d-8d13-ea26d7a0aa96","ts":"2025-07-31T21:10:47.399+00:00","source":{"id":"0","name":"eventBus"}}
{"__type":"$$EventMessageAudit","id":"d0eaae16-e5ad-4ef4-a12c-9e42b9e365c6","ts":"2025-08-01T07:37:05.750+00:00","eventName":"n8n.audit.workflow.updated","message":"n8n.audit.workflow.updated","payload":{"userId":"21e58512-ef6c-418c-8fda-665d926f8605","_email":"cyril.chessplorer@gmail.com","_firstName":"Cyril","_lastName":"Colléatte","globalRole":"global:owner","workflowId":"dcmjpxW4ci5Fu1ih","workflowName":"Chess_POC31"}}
{"__type":"$$EventMessageConfirm","confirm":"d0eaae16-e5ad-4ef4-a12c-9e42b9e365c6","ts":"2025-08-01T07:37:05.750+00:00","source":{"id":"0","name":"eventBus"}}
