{"__type":"$$EventMessageAudit","id":"c068e79c-04ba-4ae5-8ba8-295afce9e072","ts":"2025-07-30T08:45:31.703+02:00","eventName":"n8n.audit.workflow.created","message":"n8n.audit.workflow.created","payload":{"userId":"21e58512-ef6c-418c-8fda-665d926f8605","_email":"cyril.chessplorer@gmail.com","_firstName":"Cyril","_lastName":"Colléatte","globalRole":"global:owner","workflowId":"oIy1Dmq7Tuap1Trc","workflowName":"V1_Local_RAG_AI_Agent"}}
{"__type":"$$EventMessageConfirm","confirm":"c068e79c-04ba-4ae5-8ba8-295afce9e072","ts":"2025-07-30T08:45:31.706+02:00","source":{"id":"0","name":"eventBus"}}
{"__type":"$$EventMessageAudit","id":"c97414fe-d938-4dd4-8554-faf761134918","ts":"2025-07-30T08:46:04.367+02:00","eventName":"n8n.audit.workflow.created","message":"n8n.audit.workflow.created","payload":{"userId":"21e58512-ef6c-418c-8fda-665d926f8605","_email":"cyril.chessplorer@gmail.com","_firstName":"Cyril","_lastName":"Colléatte","globalRole":"global:owner","workflowId":"aS6LUDj5YU54C75M","workflowName":"My workflow 10"}}
{"__type":"$$EventMessageConfirm","confirm":"c97414fe-d938-4dd4-8554-faf761134918","ts":"2025-07-30T08:46:04.367+02:00","source":{"id":"0","name":"eventBus"}}
{"__type":"$$EventMessageAudit","id":"adc50995-3412-4844-bf1b-e2a52d3ab6b8","ts":"2025-07-30T08:46:23.277+02:00","eventName":"n8n.audit.workflow.updated","message":"n8n.audit.workflow.updated","payload":{"userId":"21e58512-ef6c-418c-8fda-665d926f8605","_email":"cyril.chessplorer@gmail.com","_firstName":"Cyril","_lastName":"Colléatte","globalRole":"global:owner","workflowId":"aS6LUDj5YU54C75M","workflowName":"V2_Local_Supabase_RAG_AI_Agent"}}
{"__type":"$$EventMessageConfirm","confirm":"adc50995-3412-4844-bf1b-e2a52d3ab6b8","ts":"2025-07-30T08:46:23.277+02:00","source":{"id":"0","name":"eventBus"}}
{"__type":"$$EventMessageAudit","id":"4f9c432d-2f36-4a7e-a163-51391b6e42bd","ts":"2025-07-30T08:46:56.284+02:00","eventName":"n8n.audit.workflow.updated","message":"n8n.audit.workflow.updated","payload":{"userId":"21e58512-ef6c-418c-8fda-665d926f8605","_email":"cyril.chessplorer@gmail.com","_firstName":"Cyril","_lastName":"Colléatte","globalRole":"global:owner","workflowId":"aS6LUDj5YU54C75M","workflowName":"V2_Local_Supabase_RAG_AI_Agent"}}
{"__type":"$$EventMessageConfirm","confirm":"4f9c432d-2f36-4a7e-a163-51391b6e42bd","ts":"2025-07-30T08:46:56.286+02:00","source":{"id":"0","name":"eventBus"}}
{"__type":"$$EventMessageAudit","id":"c486ad48-48f8-443c-9259-91c2a61a9be0","ts":"2025-07-30T08:48:08.590+02:00","eventName":"n8n.audit.workflow.created","message":"n8n.audit.workflow.created","payload":{"userId":"21e58512-ef6c-418c-8fda-665d926f8605","_email":"cyril.chessplorer@gmail.com","_firstName":"Cyril","_lastName":"Colléatte","globalRole":"global:owner","workflowId":"hOeNY50yxQzS72yz","workflowName":"V3_Local_Agentic_RAG_AI_Agent"}}
{"__type":"$$EventMessageConfirm","confirm":"c486ad48-48f8-443c-9259-91c2a61a9be0","ts":"2025-07-30T08:48:08.591+02:00","source":{"id":"0","name":"eventBus"}}
{"__type":"$$EventMessageAudit","id":"cd37d23c-5196-486c-a0d3-f42ba8739fc6","ts":"2025-07-30T08:50:32.411+02:00","eventName":"n8n.audit.workflow.archived","message":"n8n.audit.workflow.archived","payload":{"userId":"21e58512-ef6c-418c-8fda-665d926f8605","_email":"cyril.chessplorer@gmail.com","_firstName":"Cyril","_lastName":"Colléatte","globalRole":"global:owner","workflowId":"BdlJu76iPIca18ox"}}
{"__type":"$$EventMessageConfirm","confirm":"cd37d23c-5196-486c-a0d3-f42ba8739fc6","ts":"2025-07-30T08:50:32.411+02:00","source":{"id":"0","name":"eventBus"}}
{"__type":"$$EventMessageAudit","id":"a39c2485-a915-467e-90cc-1370fd7694ef","ts":"2025-07-30T08:51:59.442+02:00","eventName":"n8n.audit.workflow.updated","message":"n8n.audit.workflow.updated","payload":{"userId":"21e58512-ef6c-418c-8fda-665d926f8605","_email":"cyril.chessplorer@gmail.com","_firstName":"Cyril","_lastName":"Colléatte","globalRole":"global:owner","workflowId":"Xrk1u56J4TrXCr2k","workflowName":"test_agent_nextcloud"}}
{"__type":"$$EventMessageConfirm","confirm":"a39c2485-a915-467e-90cc-1370fd7694ef","ts":"2025-07-30T08:51:59.442+02:00","source":{"id":"0","name":"eventBus"}}
{"__type":"$$EventMessageAudit","id":"0b7daeaa-eb3d-4f09-9d01-1cb2658e51ad","ts":"2025-07-30T08:53:13.921+02:00","eventName":"n8n.audit.workflow.updated","message":"n8n.audit.workflow.updated","payload":{"userId":"21e58512-ef6c-418c-8fda-665d926f8605","_email":"cyril.chessplorer@gmail.com","_firstName":"Cyril","_lastName":"Colléatte","globalRole":"global:owner","workflowId":"GDga5CWyS8KBjYhX","workflowName":"test_rag_qdrant_KO"}}
{"__type":"$$EventMessageConfirm","confirm":"0b7daeaa-eb3d-4f09-9d01-1cb2658e51ad","ts":"2025-07-30T08:53:13.923+02:00","source":{"id":"0","name":"eventBus"}}
{"__type":"$$EventMessageAudit","id":"bffc4249-0483-4118-a529-22cc1b403d1f","ts":"2025-07-30T08:53:45.480+02:00","eventName":"n8n.audit.workflow.archived","message":"n8n.audit.workflow.archived","payload":{"userId":"21e58512-ef6c-418c-8fda-665d926f8605","_email":"cyril.chessplorer@gmail.com","_firstName":"Cyril","_lastName":"Colléatte","globalRole":"global:owner","workflowId":"Oi8IoclsrHbqgdSK"}}
{"__type":"$$EventMessageConfirm","confirm":"bffc4249-0483-4118-a529-22cc1b403d1f","ts":"2025-07-30T08:53:45.480+02:00","source":{"id":"0","name":"eventBus"}}
{"__type":"$$EventMessageAudit","id":"7906a551-e2f5-4768-ad82-17004193d92f","ts":"2025-07-30T08:54:02.334+02:00","eventName":"n8n.audit.workflow.archived","message":"n8n.audit.workflow.archived","payload":{"userId":"21e58512-ef6c-418c-8fda-665d926f8605","_email":"cyril.chessplorer@gmail.com","_firstName":"Cyril","_lastName":"Colléatte","globalRole":"global:owner","workflowId":"Mc7q8M9ghH8OiKoV"}}
{"__type":"$$EventMessageConfirm","confirm":"7906a551-e2f5-4768-ad82-17004193d92f","ts":"2025-07-30T08:54:02.334+02:00","source":{"id":"0","name":"eventBus"}}
{"__type":"$$EventMessageAudit","id":"a56d5501-865c-4f62-9c65-c2f5328ef7a3","ts":"2025-07-30T08:54:19.372+02:00","eventName":"n8n.audit.workflow.archived","message":"n8n.audit.workflow.archived","payload":{"userId":"21e58512-ef6c-418c-8fda-665d926f8605","_email":"cyril.chessplorer@gmail.com","_firstName":"Cyril","_lastName":"Colléatte","globalRole":"global:owner","workflowId":"6faHLAC8QetVxv2e"}}
{"__type":"$$EventMessageConfirm","confirm":"a56d5501-865c-4f62-9c65-c2f5328ef7a3","ts":"2025-07-30T08:54:19.372+02:00","source":{"id":"0","name":"eventBus"}}
{"__type":"$$EventMessageAudit","id":"3fc4fdc7-e8ed-465e-bd9b-7dee5a9f30cf","ts":"2025-07-30T08:54:26.924+02:00","eventName":"n8n.audit.workflow.updated","message":"n8n.audit.workflow.updated","payload":{"userId":"21e58512-ef6c-418c-8fda-665d926f8605","_email":"cyril.chessplorer@gmail.com","_firstName":"Cyril","_lastName":"Colléatte","globalRole":"global:owner","workflowId":"VKp8xekB1b0vwvrJ","workflowName":"My workflow 5"}}
{"__type":"$$EventMessageConfirm","confirm":"3fc4fdc7-e8ed-465e-bd9b-7dee5a9f30cf","ts":"2025-07-30T08:54:26.925+02:00","source":{"id":"0","name":"eventBus"}}
{"__type":"$$EventMessageAudit","id":"104d7951-3a98-4b97-8fd5-959ed0656fea","ts":"2025-07-30T08:54:27.791+02:00","eventName":"n8n.audit.workflow.updated","message":"n8n.audit.workflow.updated","payload":{"userId":"21e58512-ef6c-418c-8fda-665d926f8605","_email":"cyril.chessplorer@gmail.com","_firstName":"Cyril","_lastName":"Colléatte","globalRole":"global:owner","workflowId":"7lFX7jVnp1VnQy1Y","workflowName":"tests rag supa"}}
{"__type":"$$EventMessageConfirm","confirm":"104d7951-3a98-4b97-8fd5-959ed0656fea","ts":"2025-07-30T08:54:27.792+02:00","source":{"id":"0","name":"eventBus"}}
{"__type":"$$EventMessageAudit","id":"4cab17f4-98cd-450e-b0e1-04de00d97f75","ts":"2025-07-30T08:54:29.660+02:00","eventName":"n8n.audit.workflow.updated","message":"n8n.audit.workflow.updated","payload":{"userId":"21e58512-ef6c-418c-8fda-665d926f8605","_email":"cyril.chessplorer@gmail.com","_firstName":"Cyril","_lastName":"Colléatte","globalRole":"global:owner","workflowId":"fhvPJg15ua5nDy8j","workflowName":"My workflow 7"}}
{"__type":"$$EventMessageConfirm","confirm":"4cab17f4-98cd-450e-b0e1-04de00d97f75","ts":"2025-07-30T08:54:29.660+02:00","source":{"id":"0","name":"eventBus"}}
{"__type":"$$EventMessageAudit","id":"138da97f-e8da-45bf-bb75-91c98d79d3c1","ts":"2025-07-30T08:54:30.714+02:00","eventName":"n8n.audit.workflow.updated","message":"n8n.audit.workflow.updated","payload":{"userId":"21e58512-ef6c-418c-8fda-665d926f8605","_email":"cyril.chessplorer@gmail.com","_firstName":"Cyril","_lastName":"Colléatte","globalRole":"global:owner","workflowId":"272wPBzZpl3NTzpW","workflowName":"Optimisation_prompt"}}
{"__type":"$$EventMessageConfirm","confirm":"138da97f-e8da-45bf-bb75-91c98d79d3c1","ts":"2025-07-30T08:54:30.714+02:00","source":{"id":"0","name":"eventBus"}}
